<?xml version="1.0" encoding="UTF-8"?>
<testsuite xmlns:xsi="http://www.w3.org/2001/XMLSchema-instance" xsi:noNamespaceSchemaLocation="https://maven.apache.org/surefire/maven-surefire-plugin/xsd/surefire-test-report-3.0.xsd" version="3.0" name="co.edu.uniquindio.Microservicios_API_PF.RunCucumberTest" time="0.025" tests="1" errors="1" skipped="0" failures="0">
  <properties>
    <property name="sun.desktop" value="windows"/>
    <property name="awt.toolkit" value="sun.awt.windows.WToolkit"/>
    <property name="java.specification.version" value="11"/>
    <property name="sun.cpu.isalist" value="amd64"/>
    <property name="sun.jnu.encoding" value="Cp1252"/>
    <property name="java.class.path" value="C:\Users\PERSONAL\Documents\Workspace Intellij\Microservicios_API_PF\cucumber-test\target\test-classes;C:\Users\PERSONAL\Documents\Workspace Intellij\Microservicios_API_PF\cucumber-test\target\classes;C:\Users\PERSONAL\.m2\repository\io\cucumber\cucumber-java\7.11.1\cucumber-java-7.11.1.jar;C:\Users\PERSONAL\.m2\repository\io\cucumber\cucumber-core\7.11.1\cucumber-core-7.11.1.jar;C:\Users\PERSONAL\.m2\repository\io\cucumber\cucumber-gherkin\7.11.1\cucumber-gherkin-7.11.1.jar;C:\Users\PERSONAL\.m2\repository\io\cucumber\cucumber-gherkin-messages\7.11.1\cucumber-gherkin-messages-7.11.1.jar;C:\Users\PERSONAL\.m2\repository\io\cucumber\gherkin\26.0.3\gherkin-26.0.3.jar;C:\Users\PERSONAL\.m2\repository\io\cucumber\messages\21.0.1\messages-21.0.1.jar;C:\Users\PERSONAL\.m2\repository\io\cucumber\tag-expressions\5.0.1\tag-expressions-5.0.1.jar;C:\Users\PERSONAL\.m2\repository\io\cucumber\cucumber-expressions\16.1.2\cucumber-expressions-16.1.2.jar;C:\Users\PERSONAL\.m2\repository\io\cucumber\datatable\7.11.1\datatable-7.11.1.jar;C:\Users\PERSONAL\.m2\repository\io\cucumber\cucumber-plugin\7.11.1\cucumber-plugin-7.11.1.jar;C:\Users\PERSONAL\.m2\repository\io\cucumber\docstring\7.11.1\docstring-7.11.1.jar;C:\Users\PERSONAL\.m2\repository\io\cucumber\html-formatter\20.2.1\html-formatter-20.2.1.jar;C:\Users\PERSONAL\.m2\repository\io\cucumber\junit-xml-formatter\0.1.0\junit-xml-formatter-0.1.0.jar;C:\Users\PERSONAL\.m2\repository\io\cucumber\ci-environment\9.1.0\ci-environment-9.1.0.jar;C:\Users\PERSONAL\.m2\repository\org\apiguardian\apiguardian-api\1.1.2\apiguardian-api-1.1.2.jar;C:\Users\PERSONAL\.m2\repository\io\cucumber\cucumber-junit-platform-engine\7.11.1\cucumber-junit-platform-engine-7.11.1.jar;C:\Users\PERSONAL\.m2\repository\org\junit\platform\junit-platform-engine\1.9.2\junit-platform-engine-1.9.2.jar;C:\Users\PERSONAL\.m2\repository\org\opentest4j\opentest4j\1.2.0\opentest4j-1.2.0.jar;C:\Users\PERSONAL\.m2\repository\org\junit\platform\junit-platform-commons\1.9.2\junit-platform-commons-1.9.2.jar;C:\Users\PERSONAL\.m2\repository\org\junit\platform\junit-platform-suite\1.9.2\junit-platform-suite-1.9.2.jar;C:\Users\PERSONAL\.m2\repository\org\junit\platform\junit-platform-suite-api\1.9.2\junit-platform-suite-api-1.9.2.jar;C:\Users\PERSONAL\.m2\repository\org\junit\platform\junit-platform-suite-engine\1.9.2\junit-platform-suite-engine-1.9.2.jar;C:\Users\PERSONAL\.m2\repository\org\junit\platform\junit-platform-suite-commons\1.9.2\junit-platform-suite-commons-1.9.2.jar;C:\Users\PERSONAL\.m2\repository\org\junit\platform\junit-platform-launcher\1.9.2\junit-platform-launcher-1.9.2.jar;C:\Users\PERSONAL\.m2\repository\io\rest-assured\rest-assured\5.3.0\rest-assured-5.3.0.jar;C:\Users\PERSONAL\.m2\repository\org\apache\groovy\groovy\4.0.6\groovy-4.0.6.jar;C:\Users\PERSONAL\.m2\repository\org\apache\groovy\groovy-xml\4.0.6\groovy-xml-4.0.6.jar;C:\Users\PERSONAL\.m2\repository\org\apache\httpcomponents\httpclient\4.5.13\httpclient-4.5.13.jar;C:\Users\PERSONAL\.m2\repository\org\apache\httpcomponents\httpcore\4.4.13\httpcore-4.4.13.jar;C:\Users\PERSONAL\.m2\repository\commons-logging\commons-logging\1.2\commons-logging-1.2.jar;C:\Users\PERSONAL\.m2\repository\commons-codec\commons-codec\1.11\commons-codec-1.11.jar;C:\Users\PERSONAL\.m2\repository\org\apache\httpcomponents\httpmime\4.5.13\httpmime-4.5.13.jar;C:\Users\PERSONAL\.m2\repository\org\hamcrest\hamcrest\2.1\hamcrest-2.1.jar;C:\Users\PERSONAL\.m2\repository\org\ccil\cowan\tagsoup\tagsoup\1.2.1\tagsoup-1.2.1.jar;C:\Users\PERSONAL\.m2\repository\io\rest-assured\xml-path\5.3.0\xml-path-5.3.0.jar;C:\Users\PERSONAL\.m2\repository\org\apache\commons\commons-lang3\3.11\commons-lang3-3.11.jar;C:\Users\PERSONAL\.m2\repository\io\rest-assured\json-path\5.3.0\json-path-5.3.0.jar;C:\Users\PERSONAL\.m2\repository\org\apache\groovy\groovy-json\4.0.6\groovy-json-4.0.6.jar;C:\Users\PERSONAL\.m2\repository\io\rest-assured\rest-assured-common\5.3.0\rest-assured-common-5.3.0.jar;C:\Users\PERSONAL\.m2\repository\com\fasterxml\jackson\datatype\jackson-datatype-jdk8\2.14.2\jackson-datatype-jdk8-2.14.2.jar;C:\Users\PERSONAL\.m2\repository\com\fasterxml\jackson\core\jackson-core\2.14.2\jackson-core-2.14.2.jar;C:\Users\PERSONAL\.m2\repository\com\fasterxml\jackson\core\jackson-databind\2.14.2\jackson-databind-2.14.2.jar;C:\Users\PERSONAL\.m2\repository\com\fasterxml\jackson\datatype\jackson-datatype-jsr310\2.14.2\jackson-datatype-jsr310-2.14.2.jar;C:\Users\PERSONAL\.m2\repository\com\fasterxml\jackson\core\jackson-annotations\2.14.2\jackson-annotations-2.14.2.jar;C:\Users\PERSONAL\.m2\repository\org\projectlombok\lombok\1.18.26\lombok-1.18.26.jar;C:\Users\PERSONAL\.m2\repository\org\junit\jupiter\junit-jupiter\5.9.2\junit-jupiter-5.9.2.jar;C:\Users\PERSONAL\.m2\repository\org\junit\jupiter\junit-jupiter-api\5.9.2\junit-jupiter-api-5.9.2.jar;C:\Users\PERSONAL\.m2\repository\org\junit\jupiter\junit-jupiter-params\5.9.2\junit-jupiter-params-5.9.2.jar;C:\Users\PERSONAL\.m2\repository\org\junit\jupiter\junit-jupiter-engine\5.9.2\junit-jupiter-engine-5.9.2.jar;C:\Users\PERSONAL\.m2\repository\jakarta\enterprise\jakarta.enterprise.cdi-api\2.0.2\jakarta.enterprise.cdi-api-2.0.2.jar;C:\Users\PERSONAL\.m2\repository\jakarta\interceptor\jakarta.interceptor-api\1.2.5\jakarta.interceptor-api-1.2.5.jar;C:\Users\PERSONAL\.m2\repository\jakarta\inject\jakarta.inject-api\1.0\jakarta.inject-api-1.0.jar;C:\Users\PERSONAL\.m2\repository\jakarta\ws\rs\jakarta.ws.rs-api\2.1.6\jakarta.ws.rs-api-2.1.6.jar;C:\Users\PERSONAL\.m2\repository\jakarta\json\bind\jakarta.json.bind-api\1.0.2\jakarta.json.bind-api-1.0.2.jar;C:\Users\PERSONAL\.m2\repository\jakarta\json\jakarta.json-api\1.1.6\jakarta.json-api-1.1.6.jar;C:\Users\PERSONAL\.m2\repository\jakarta\annotation\jakarta.annotation-api\1.3.5\jakarta.annotation-api-1.3.5.jar;C:\Users\PERSONAL\.m2\repository\org\eclipse\microprofile\config\microprofile-config-api\2.0\microprofile-config-api-2.0.jar;C:\Users\PERSONAL\.m2\repository\org\eclipse\microprofile\fault-tolerance\microprofile-fault-tolerance-api\3.0\microprofile-fault-tolerance-api-3.0.jar;C:\Users\PERSONAL\.m2\repository\org\eclipse\microprofile\health\microprofile-health-api\3.0\microprofile-health-api-3.0.jar;C:\Users\PERSONAL\.m2\repository\org\eclipse\microprofile\metrics\microprofile-metrics-api\3.0\microprofile-metrics-api-3.0.jar;C:\Users\PERSONAL\.m2\repository\org\eclipse\microprofile\jwt\microprofile-jwt-auth-api\1.2\microprofile-jwt-auth-api-1.2.jar;C:\Users\PERSONAL\.m2\repository\org\eclipse\microprofile\openapi\microprofile-openapi-api\2.0\microprofile-openapi-api-2.0.jar;C:\Users\PERSONAL\.m2\repository\org\eclipse\microprofile\rest\client\microprofile-rest-client-api\2.0\microprofile-rest-client-api-2.0.jar;C:\Users\PERSONAL\.m2\repository\org\eclipse\microprofile\opentracing\microprofile-opentracing-api\2.0\microprofile-opentracing-api-2.0.jar;"/>
    <property name="java.vm.vendor" value="Oracle Corporation"/>
    <property name="sun.arch.data.model" value="64"/>
    <property name="user.variant" value=""/>
    <property name="java.vendor.url" value="https://openjdk.java.net/"/>
    <property name="user.timezone" value="America/Bogota"/>
    <property name="java.vm.specification.version" value="11"/>
    <property name="os.name" value="Windows 10"/>
    <property name="sun.java.launcher" value="SUN_STANDARD"/>
    <property name="user.country" value="CO"/>
    <property name="sun.boot.library.path" value="C:\Program Files\Java\jdk-11.0.17\bin"/>
    <property name="sun.java.command" value="C:\Users\PERSONAL\AppData\Local\Temp\surefire11480637262812765108\surefirebooter-20230327192915252_3.jar C:\Users\PERSONAL\AppData\Local\Temp\surefire11480637262812765108 2023-03-27T19-29-12_636-jvmRun1 surefire-20230327192915252_1tmp surefire_0-20230327192915252_2tmp"/>
    <property name="jdk.debug" value="release"/>
    <property name="surefire.test.class.path" value="C:\Users\PERSONAL\Documents\Workspace Intellij\Microservicios_API_PF\cucumber-test\target\test-classes;C:\Users\PERSONAL\Documents\Workspace Intellij\Microservicios_API_PF\cucumber-test\target\classes;C:\Users\PERSONAL\.m2\repository\io\cucumber\cucumber-java\7.11.1\cucumber-java-7.11.1.jar;C:\Users\PERSONAL\.m2\repository\io\cucumber\cucumber-core\7.11.1\cucumber-core-7.11.1.jar;C:\Users\PERSONAL\.m2\repository\io\cucumber\cucumber-gherkin\7.11.1\cucumber-gherkin-7.11.1.jar;C:\Users\PERSONAL\.m2\repository\io\cucumber\cucumber-gherkin-messages\7.11.1\cucumber-gherkin-messages-7.11.1.jar;C:\Users\PERSONAL\.m2\repository\io\cucumber\gherkin\26.0.3\gherkin-26.0.3.jar;C:\Users\PERSONAL\.m2\repository\io\cucumber\messages\21.0.1\messages-21.0.1.jar;C:\Users\PERSONAL\.m2\repository\io\cucumber\tag-expressions\5.0.1\tag-expressions-5.0.1.jar;C:\Users\PERSONAL\.m2\repository\io\cucumber\cucumber-expressions\16.1.2\cucumber-expressions-16.1.2.jar;C:\Users\PERSONAL\.m2\repository\io\cucumber\datatable\7.11.1\datatable-7.11.1.jar;C:\Users\PERSONAL\.m2\repository\io\cucumber\cucumber-plugin\7.11.1\cucumber-plugin-7.11.1.jar;C:\Users\PERSONAL\.m2\repository\io\cucumber\docstring\7.11.1\docstring-7.11.1.jar;C:\Users\PERSONAL\.m2\repository\io\cucumber\html-formatter\20.2.1\html-formatter-20.2.1.jar;C:\Users\PERSONAL\.m2\repository\io\cucumber\junit-xml-formatter\0.1.0\junit-xml-formatter-0.1.0.jar;C:\Users\PERSONAL\.m2\repository\io\cucumber\ci-environment\9.1.0\ci-environment-9.1.0.jar;C:\Users\PERSONAL\.m2\repository\org\apiguardian\apiguardian-api\1.1.2\apiguardian-api-1.1.2.jar;C:\Users\PERSONAL\.m2\repository\io\cucumber\cucumber-junit-platform-engine\7.11.1\cucumber-junit-platform-engine-7.11.1.jar;C:\Users\PERSONAL\.m2\repository\org\junit\platform\junit-platform-engine\1.9.2\junit-platform-engine-1.9.2.jar;C:\Users\PERSONAL\.m2\repository\org\opentest4j\opentest4j\1.2.0\opentest4j-1.2.0.jar;C:\Users\PERSONAL\.m2\repository\org\junit\platform\junit-platform-commons\1.9.2\junit-platform-commons-1.9.2.jar;C:\Users\PERSONAL\.m2\repository\org\junit\platform\junit-platform-suite\1.9.2\junit-platform-suite-1.9.2.jar;C:\Users\PERSONAL\.m2\repository\org\junit\platform\junit-platform-suite-api\1.9.2\junit-platform-suite-api-1.9.2.jar;C:\Users\PERSONAL\.m2\repository\org\junit\platform\junit-platform-suite-engine\1.9.2\junit-platform-suite-engine-1.9.2.jar;C:\Users\PERSONAL\.m2\repository\org\junit\platform\junit-platform-suite-commons\1.9.2\junit-platform-suite-commons-1.9.2.jar;C:\Users\PERSONAL\.m2\repository\org\junit\platform\junit-platform-launcher\1.9.2\junit-platform-launcher-1.9.2.jar;C:\Users\PERSONAL\.m2\repository\io\rest-assured\rest-assured\5.3.0\rest-assured-5.3.0.jar;C:\Users\PERSONAL\.m2\repository\org\apache\groovy\groovy\4.0.6\groovy-4.0.6.jar;C:\Users\PERSONAL\.m2\repository\org\apache\groovy\groovy-xml\4.0.6\groovy-xml-4.0.6.jar;C:\Users\PERSONAL\.m2\repository\org\apache\httpcomponents\httpclient\4.5.13\httpclient-4.5.13.jar;C:\Users\PERSONAL\.m2\repository\org\apache\httpcomponents\httpcore\4.4.13\httpcore-4.4.13.jar;C:\Users\PERSONAL\.m2\repository\commons-logging\commons-logging\1.2\commons-logging-1.2.jar;C:\Users\PERSONAL\.m2\repository\commons-codec\commons-codec\1.11\commons-codec-1.11.jar;C:\Users\PERSONAL\.m2\repository\org\apache\httpcomponents\httpmime\4.5.13\httpmime-4.5.13.jar;C:\Users\PERSONAL\.m2\repository\org\hamcrest\hamcrest\2.1\hamcrest-2.1.jar;C:\Users\PERSONAL\.m2\repository\org\ccil\cowan\tagsoup\tagsoup\1.2.1\tagsoup-1.2.1.jar;C:\Users\PERSONAL\.m2\repository\io\rest-assured\xml-path\5.3.0\xml-path-5.3.0.jar;C:\Users\PERSONAL\.m2\repository\org\apache\commons\commons-lang3\3.11\commons-lang3-3.11.jar;C:\Users\PERSONAL\.m2\repository\io\rest-assured\json-path\5.3.0\json-path-5.3.0.jar;C:\Users\PERSONAL\.m2\repository\org\apache\groovy\groovy-json\4.0.6\groovy-json-4.0.6.jar;C:\Users\PERSONAL\.m2\repository\io\rest-assured\rest-assured-common\5.3.0\rest-assured-common-5.3.0.jar;C:\Users\PERSONAL\.m2\repository\com\fasterxml\jackson\datatype\jackson-datatype-jdk8\2.14.2\jackson-datatype-jdk8-2.14.2.jar;C:\Users\PERSONAL\.m2\repository\com\fasterxml\jackson\core\jackson-core\2.14.2\jackson-core-2.14.2.jar;C:\Users\PERSONAL\.m2\repository\com\fasterxml\jackson\core\jackson-databind\2.14.2\jackson-databind-2.14.2.jar;C:\Users\PERSONAL\.m2\repository\com\fasterxml\jackson\datatype\jackson-datatype-jsr310\2.14.2\jackson-datatype-jsr310-2.14.2.jar;C:\Users\PERSONAL\.m2\repository\com\fasterxml\jackson\core\jackson-annotations\2.14.2\jackson-annotations-2.14.2.jar;C:\Users\PERSONAL\.m2\repository\org\projectlombok\lombok\1.18.26\lombok-1.18.26.jar;C:\Users\PERSONAL\.m2\repository\org\junit\jupiter\junit-jupiter\5.9.2\junit-jupiter-5.9.2.jar;C:\Users\PERSONAL\.m2\repository\org\junit\jupiter\junit-jupiter-api\5.9.2\junit-jupiter-api-5.9.2.jar;C:\Users\PERSONAL\.m2\repository\org\junit\jupiter\junit-jupiter-params\5.9.2\junit-jupiter-params-5.9.2.jar;C:\Users\PERSONAL\.m2\repository\org\junit\jupiter\junit-jupiter-engine\5.9.2\junit-jupiter-engine-5.9.2.jar;C:\Users\PERSONAL\.m2\repository\jakarta\enterprise\jakarta.enterprise.cdi-api\2.0.2\jakarta.enterprise.cdi-api-2.0.2.jar;C:\Users\PERSONAL\.m2\repository\jakarta\interceptor\jakarta.interceptor-api\1.2.5\jakarta.interceptor-api-1.2.5.jar;C:\Users\PERSONAL\.m2\repository\jakarta\inject\jakarta.inject-api\1.0\jakarta.inject-api-1.0.jar;C:\Users\PERSONAL\.m2\repository\jakarta\ws\rs\jakarta.ws.rs-api\2.1.6\jakarta.ws.rs-api-2.1.6.jar;C:\Users\PERSONAL\.m2\repository\jakarta\json\bind\jakarta.json.bind-api\1.0.2\jakarta.json.bind-api-1.0.2.jar;C:\Users\PERSONAL\.m2\repository\jakarta\json\jakarta.json-api\1.1.6\jakarta.json-api-1.1.6.jar;C:\Users\PERSONAL\.m2\repository\jakarta\annotation\jakarta.annotation-api\1.3.5\jakarta.annotation-api-1.3.5.jar;C:\Users\PERSONAL\.m2\repository\org\eclipse\microprofile\config\microprofile-config-api\2.0\microprofile-config-api-2.0.jar;C:\Users\PERSONAL\.m2\repository\org\eclipse\microprofile\fault-tolerance\microprofile-fault-tolerance-api\3.0\microprofile-fault-tolerance-api-3.0.jar;C:\Users\PERSONAL\.m2\repository\org\eclipse\microprofile\health\microprofile-health-api\3.0\microprofile-health-api-3.0.jar;C:\Users\PERSONAL\.m2\repository\org\eclipse\microprofile\metrics\microprofile-metrics-api\3.0\microprofile-metrics-api-3.0.jar;C:\Users\PERSONAL\.m2\repository\org\eclipse\microprofile\jwt\microprofile-jwt-auth-api\1.2\microprofile-jwt-auth-api-1.2.jar;C:\Users\PERSONAL\.m2\repository\org\eclipse\microprofile\openapi\microprofile-openapi-api\2.0\microprofile-openapi-api-2.0.jar;C:\Users\PERSONAL\.m2\repository\org\eclipse\microprofile\rest\client\microprofile-rest-client-api\2.0\microprofile-rest-client-api-2.0.jar;C:\Users\PERSONAL\.m2\repository\org\eclipse\microprofile\opentracing\microprofile-opentracing-api\2.0\microprofile-opentracing-api-2.0.jar;"/>
    <property name="sun.cpu.endian" value="little"/>
    <property name="user.home" value="C:\Users\PERSONAL"/>
    <property name="user.language" value="es"/>
    <property name="java.specification.vendor" value="Oracle Corporation"/>
    <property name="java.version.date" value="2022-10-18"/>
    <property name="java.home" value="C:\Program Files\Java\jdk-11.0.17"/>
    <property name="file.separator" value="\"/>
    <property name="basedir" value="C:\Users\PERSONAL\Documents\Workspace Intellij\Microservicios_API_PF\cucumber-test"/>
    <property name="java.vm.compressedOopsMode" value="32-bit"/>
    <property name="line.separator" value="&#10;"/>
    <property name="java.specification.name" value="Java Platform API Specification"/>
    <property name="java.vm.specification.vendor" value="Oracle Corporation"/>
    <property name="java.awt.graphicsenv" value="sun.awt.Win32GraphicsEnvironment"/>
    <property name="surefire.real.class.path" value="C:\Users\PERSONAL\AppData\Local\Temp\surefire11480637262812765108\surefirebooter-20230327192915252_3.jar"/>
    <property name="user.script" value=""/>
    <property name="sun.management.compiler" value="HotSpot 64-Bit Tiered Compilers"/>
    <property name="java.runtime.version" value="11.0.17+10-LTS-269"/>
    <property name="user.name" value="Jhoiner"/>
    <property name="path.separator" value=";"/>
    <property name="os.version" value="10.0"/>
    <property name="java.runtime.name" value="Java(TM) SE Runtime Environment"/>
    <property name="file.encoding" value="Cp1252"/>
    <property name="java.vm.name" value="Java HotSpot(TM) 64-Bit Server VM"/>
    <property name="java.vendor.version" value="18.9"/>
    <property name="localRepository" value="C:\Users\PERSONAL\.m2\repository"/>
    <property name="java.vendor.url.bug" value="https://bugreport.java.com/bugreport/"/>
    <property name="java.io.tmpdir" value="C:\Users\PERSONAL\AppData\Local\Temp\"/>
    <property name="idea.version" value="2022.3.3"/>
    <property name="java.version" value="11.0.17"/>
    <property name="user.dir" value="C:\Users\PERSONAL\Documents\Workspace Intellij\Microservicios_API_PF\cucumber-test"/>
    <property name="os.arch" value="amd64"/>
    <property name="java.vm.specification.name" value="Java Virtual Machine Specification"/>
    <property name="java.awt.printerjob" value="sun.awt.windows.WPrinterJob"/>
    <property name="sun.os.patch.level" value=""/>
    <property name="java.library.path" value="C:\Program Files\Java\jdk-11.0.17\bin;C:\WINDOWS\Sun\Java\bin;C:\WINDOWS\system32;C:\WINDOWS;C:\Program Files\Common Files\Oracle\Java\javapath;C:\Program Files (x86)\Common Files\Oracle\Java\javapath;C:\ProgramData\Oracle\Java\javapath;C:\WINDOWS\system32;C:\WINDOWS;C:\WINDOWS\System32\Wbem;C:\WINDOWS\System32\WindowsPowerShell\v1.0\;C:\WINDOWS\System32\OpenSSH\;C:\Program Files\Git\cmd;C:\Users\PERSONAL\AppData\Local\Microsoft\WindowsApps;C:\Users\PERSONAL\AppData\Local\Programs\Microsoft VS Code\bin;."/>
    <property name="java.vendor" value="Oracle Corporation"/>
    <property name="java.vm.info" value="mixed mode"/>
    <property name="java.vm.version" value="11.0.17+10-LTS-269"/>
    <property name="sun.io.unicode.encoding" value="UnicodeLittle"/>
    <property name="java.class.version" value="55.0"/>
  </properties>
  <testcase name="" classname="co.edu.uniquindio.Microservicios_API_PF.RunCucumberTest" time="0.025">
    <error message="Suite [co.edu.uniquindio.Microservicios_API_PF.RunCucumberTest] did not discover any tests" type="org.junit.platform.suite.engine.NoTestsDiscoveredException"><![CDATA[org.junit.platform.suite.engine.NoTestsDiscoveredException: Suite [co.edu.uniquindio.Microservicios_API_PF.RunCucumberTest] did not discover any tests
	at org.junit.platform.suite.engine.SuiteTestDescriptor.computeTestExecutionResult(SuiteTestDescriptor.java:134)
	at org.junit.platform.suite.engine.SuiteTestDescriptor.execute(SuiteTestDescriptor.java:129)
	at org.junit.platform.suite.engine.SuiteTestEngine.lambda$execute$0(SuiteTestEngine.java:73)
	at java.base/java.util.stream.ForEachOps$ForEachOp$OfRef.accept(ForEachOps.java:183)
	at java.base/java.util.stream.ReferencePipeline$3$1.accept(ReferencePipeline.java:195)
	at java.base/java.util.Iterator.forEachRemaining(Iterator.java:133)
	at java.base/java.util.Spliterators$IteratorSpliterator.forEachRemaining(Spliterators.java:1801)
	at java.base/java.util.stream.AbstractPipeline.copyInto(AbstractPipeline.java:484)
	at java.base/java.util.stream.AbstractPipeline.wrapAndCopyInto(AbstractPipeline.java:474)
	at java.base/java.util.stream.ForEachOps$ForEachOp.evaluateSequential(ForEachOps.java:150)
	at java.base/java.util.stream.ForEachOps$ForEachOp$OfRef.evaluateSequential(ForEachOps.java:173)
	at java.base/java.util.stream.AbstractPipeline.evaluate(AbstractPipeline.java:234)
	at java.base/java.util.stream.ReferencePipeline.forEach(ReferencePipeline.java:497)
	at org.junit.platform.suite.engine.SuiteTestEngine.execute(SuiteTestEngine.java:73)
	at org.junit.platform.launcher.core.EngineExecutionOrchestrator.execute(EngineExecutionOrchestrator.java:147)
	at org.junit.platform.launcher.core.EngineExecutionOrchestrator.execute(EngineExecutionOrchestrator.java:127)
	at org.junit.platform.launcher.core.EngineExecutionOrchestrator.execute(EngineExecutionOrchestrator.java:90)
	at org.junit.platform.launcher.core.EngineExecutionOrchestrator.lambda$execute$0(EngineExecutionOrchestrator.java:55)
	at org.junit.platform.launcher.core.EngineExecutionOrchestrator.withInterceptedStreams(EngineExecutionOrchestrator.java:102)
	at org.junit.platform.launcher.core.EngineExecutionOrchestrator.execute(EngineExecutionOrchestrator.java:54)
	at org.junit.platform.launcher.core.DefaultLauncher.execute(DefaultLauncher.java:114)
	at org.junit.platform.launcher.core.DefaultLauncher.execute(DefaultLauncher.java:86)
	at org.junit.platform.launcher.core.DefaultLauncherSession$DelegatingLauncher.execute(DefaultLauncherSession.java:86)
	at org.apache.maven.surefire.junitplatform.LazyLauncher.execute(LazyLauncher.java:55)
	at org.apache.maven.surefire.junitplatform.JUnitPlatformProvider.execute(JUnitPlatformProvider.java:223)
	at org.apache.maven.surefire.junitplatform.JUnitPlatformProvider.invokeAllTests(JUnitPlatformProvider.java:175)
	at org.apache.maven.surefire.junitplatform.JUnitPlatformProvider.invoke(JUnitPlatformProvider.java:139)
	at org.apache.maven.surefire.booter.ForkedBooter.runSuitesInProcess(ForkedBooter.java:456)
	at org.apache.maven.surefire.booter.ForkedBooter.execute(ForkedBooter.java:169)
	at org.apache.maven.surefire.booter.ForkedBooter.run(ForkedBooter.java:595)
	at org.apache.maven.surefire.booter.ForkedBooter.main(ForkedBooter.java:581)
]]></error>
  </testcase>
</testsuite>